Working Set Size : 16.750 MB

Color	:	Pages	:	Size (MB)	:	Percentage Utilization
0	:	1112	:	4.344		:	25.933 %
1	:	1135	:	4.434		:	26.469 %
2	:	988	:	3.859		:	23.041 %
3	:	1053	:	4.113		:	24.557 %

Slice	:	Pages	:	Size (KB)	:	Percentage Utilization
0	:	671	:	2684.000	:	15.648 %
1	:	717	:	2868.000	:	16.721 %
2	:	676	:	2704.000	:	15.765 %
3	:	726	:	2904.000	:	16.931 %
4	:	774	:	3096.000	:	18.050 %
5	:	724	:	2896.000	:	16.884 %

Slice	:	Blocks	:	Size (KB)	:	Percentage Utilization
0	:	45072	:	2817.000	:	16.424 %
1	:	44828	:	2801.750	:	16.335 %
2	:	45040	:	2815.000	:	16.412 %
3	:	45188	:	2824.250	:	16.466 %
4	:	47104	:	2944.000	:	17.164 %
5	:	47200	:	2950.000	:	17.199 %
