Working Set Size : 16.809 MB

Color	:	Pages	:	Size (MB)	:	Percentage Utilization
0	:	1145	:	4.473		:	26.609 %
1	:	1130	:	4.414		:	26.261 %
2	:	1010	:	3.945		:	23.472 %
3	:	1018	:	3.977		:	23.658 %

Slice	:	Pages	:	Size (KB)	:	Percentage Utilization
0	:	677	:	2708.000	:	15.733 %
1	:	716	:	2864.000	:	16.640 %
2	:	691	:	2764.000	:	16.059 %
3	:	726	:	2904.000	:	16.872 %
4	:	788	:	3152.000	:	18.313 %
5	:	705	:	2820.000	:	16.384 %

Slice	:	Blocks	:	Size (KB)	:	Percentage Utilization
0	:	45344	:	2834.000	:	16.465 %
1	:	45076	:	2817.250	:	16.368 %
2	:	45196	:	2824.750	:	16.412 %
3	:	45116	:	2819.750	:	16.382 %
4	:	47156	:	2947.250	:	17.123 %
5	:	47504	:	2969.000	:	17.250 %
